2019-05-10T06:21:35+00:00 CRITICAL Uncaught Error: Call to undefined function qtrans_getLanguage() in /home/imagurues/public_html/new2/wp-content/themes/imaguru.by/functions.php:450
Stack trace:
#0 /home/imagurues/public_html/new2/wp-content/themes/imaguru.by/tribe-events/course.php(86): tribe_get_recurrence_daynames()
#1 /home/imagurues/public_html/new2/wp-content/themes/imaguru.by/tribe-events/single-event.php(25): include('/home/imagurues...')
#2 /home/imagurues/public_html/new2/wp-content/plugins/the-events-calendar/src/functions/template-tags/general.php(45): include('/home/imagurues...')
#3 /home/imagurues/public_html/new2/wp-content/themes/imaguru.by/tribe-events/default-template.php(425): tribe_get_view()
#4 /home/imagurues/public_html/new2/wp-includes/template-loader.php(77): include('/home/imagurues...')
#5 /home/imagurues/public_html/new2/wp-blog-header.php(19): require_once('/home/imagurues...')
#6 /home/imagurues/public_html/new2/index.php(17): require('/home/imagurues...')
#7 {main}
  thrown in /home/imagurues/public_html/new2/wp-content/themes/imaguru.by/functions.php on line 450

2019-05-10T07:43:47+00:00 CRITICAL Uncaught Error: Call to undefined function qtrans_getLanguage() in /home/imagurues/public_html/new2/wp-content/themes/imaguru.by/functions.php:450
Stack trace:
#0 /home/imagurues/public_html/new2/wp-content/themes/imaguru.by/tribe-events/course.php(86): tribe_get_recurrence_daynames()
#1 /home/imagurues/public_html/new2/wp-content/themes/imaguru.by/tribe-events/single-event.php(25): include('/home/imagurues...')
#2 /home/imagurues/public_html/new2/wp-content/plugins/the-events-calendar/src/functions/template-tags/general.php(45): include('/home/imagurues...')
#3 /home/imagurues/public_html/new2/wp-content/themes/imaguru.by/tribe-events/default-template.php(425): tribe_get_view()
#4 /home/imagurues/public_html/new2/wp-includes/template-loader.php(77): include('/home/imagurues...')
#5 /home/imagurues/public_html/new2/wp-blog-header.php(19): require_once('/home/imagurues...')
#6 /home/imagurues/public_html/new2/index.php(17): require('/home/imagurues...')
#7 {main}
  thrown in /home/imagurues/public_html/new2/wp-content/themes/imaguru.by/functions.php on line 450

2019-05-10T08:54:06+00:00 CRITICAL Uncaught Error: Call to undefined function qtrans_getLanguage() in /home/imagurues/public_html/new2/wp-content/themes/imaguru.by/functions.php:450
Stack trace:
#0 /home/imagurues/public_html/new2/wp-content/themes/imaguru.by/tribe-events/course.php(86): tribe_get_recurrence_daynames()
#1 /home/imagurues/public_html/new2/wp-content/themes/imaguru.by/tribe-events/single-event.php(25): include('/home/imagurues...')
#2 /home/imagurues/public_html/new2/wp-content/plugins/the-events-calendar/src/functions/template-tags/general.php(45): include('/home/imagurues...')
#3 /home/imagurues/public_html/new2/wp-content/themes/imaguru.by/tribe-events/default-template.php(425): tribe_get_view()
#4 /home/imagurues/public_html/new2/wp-includes/template-loader.php(77): include('/home/imagurues...')
#5 /home/imagurues/public_html/new2/wp-blog-header.php(19): require_once('/home/imagurues...')
#6 /home/imagurues/public_html/new2/index.php(17): require('/home/imagurues...')
#7 {main}
  thrown in /home/imagurues/public_html/new2/wp-content/themes/imaguru.by/functions.php on line 450

2019-05-10T09:01:32+00:00 CRITICAL #!trpst#trp-gettext data-trpgettextoriginal=4734#!trpen#Uncaught Error: Call to undefined function qtrans_getLanguage() in /home/imagurues/public_html/new2/wp-content/themes/imaguru.by/functions.php:450
Stack trace:
#0 /home/imagurues/public_html/new2/wp-content/themes/imaguru.by/tribe-events/course.php(86): tribe_get_recurrence_daynames()
#1 /home/imagurues/public_html/new2/wp-content/themes/imaguru.by/tribe-events/single-event.php(25): include('/home/imagurues...')
#2 /home/imagurues/public_html/new2/wp-content/plugins/the-events-calendar/src/functions/template-tags/general.php(45): include('/home/imagurues...')
#3 /home/imagurues/public_html/new2/wp-content/themes/imaguru.by/tribe-events/default-template.php(425): tribe_get_view()
#4 /home/imagurues/public_html/new2/wp-includes/template-loader.php(77): include('/home/imagurues...')
#5 /home/imagurues/public_html/new2/wp-blog-header.php(19): require_once('/home/imagurues...')
#6 /home/imagurues/public_html/new2/index.php(17): require('/home/imagurues...')
#7 {main}
  thrown en /home/imagurues/public_html/new2/wp-content/themes/imaguru.by/functions.php en la línea 450#!trpst#/trp-gettext#!trpen#

2019-05-10T10:08:41+00:00 CRITICAL Uncaught Error: Call to undefined function qtrans_getLanguage() in /home/imagurues/public_html/new2/wp-content/themes/imaguru.by/functions.php:450
Stack trace:
#0 /home/imagurues/public_html/new2/wp-content/themes/imaguru.by/tribe-events/course.php(86): tribe_get_recurrence_daynames()
#1 /home/imagurues/public_html/new2/wp-content/themes/imaguru.by/tribe-events/single-event.php(25): include('/home/imagurues...')
#2 /home/imagurues/public_html/new2/wp-content/plugins/the-events-calendar/src/functions/template-tags/general.php(45): include('/home/imagurues...')
#3 /home/imagurues/public_html/new2/wp-content/themes/imaguru.by/tribe-events/default-template.php(425): tribe_get_view()
#4 /home/imagurues/public_html/new2/wp-includes/template-loader.php(77): include('/home/imagurues...')
#5 /home/imagurues/public_html/new2/wp-blog-header.php(19): require_once('/home/imagurues...')
#6 /home/imagurues/public_html/new2/index.php(17): require('/home/imagurues...')
#7 {main}
  thrown in /home/imagurues/public_html/new2/wp-content/themes/imaguru.by/functions.php on line 450

2019-05-10T11:29:39+00:00 CRITICAL Uncaught Error: Call to undefined function qtrans_getLanguage() in /home/imagurues/public_html/new2/wp-content/themes/imaguru.by/functions.php:450
Stack trace:
#0 /home/imagurues/public_html/new2/wp-content/themes/imaguru.by/tribe-events/course.php(86): tribe_get_recurrence_daynames()
#1 /home/imagurues/public_html/new2/wp-content/themes/imaguru.by/tribe-events/single-event.php(25): include('/home/imagurues...')
#2 /home/imagurues/public_html/new2/wp-content/plugins/the-events-calendar/src/functions/template-tags/general.php(45): include('/home/imagurues...')
#3 /home/imagurues/public_html/new2/wp-content/themes/imaguru.by/tribe-events/default-template.php(425): tribe_get_view()
#4 /home/imagurues/public_html/new2/wp-includes/template-loader.php(77): include('/home/imagurues...')
#5 /home/imagurues/public_html/new2/wp-blog-header.php(19): require_once('/home/imagurues...')
#6 /home/imagurues/public_html/new2/index.php(17): require('/home/imagurues...')
#7 {main}
  thrown in /home/imagurues/public_html/new2/wp-content/themes/imaguru.by/functions.php on line 450

2019-05-10T14:12:17+00:00 CRITICAL #!trpst#trp-gettext data-trpgettextoriginal=370#!trpen#Uncaught Error: Call to undefined function qtrans_getLanguage() in /home/imagurues/public_html/new2/wp-content/themes/imaguru.by/functions.php:450
Stack trace:
#0 /home/imagurues/public_html/new2/wp-content/themes/imaguru.by/tribe-events/course.php(86): tribe_get_recurrence_daynames()
#1 /home/imagurues/public_html/new2/wp-content/themes/imaguru.by/tribe-events/single-event.php(25): include('/home/imagurues...')
#2 /home/imagurues/public_html/new2/wp-content/plugins/the-events-calendar/src/functions/template-tags/general.php(45): include('/home/imagurues...')
#3 /home/imagurues/public_html/new2/wp-content/themes/imaguru.by/tribe-events/default-template.php(425): tribe_get_view()
#4 /home/imagurues/public_html/new2/wp-includes/template-loader.php(77): include('/home/imagurues...')
#5 /home/imagurues/public_html/new2/wp-blog-header.php(19): require_once('/home/imagurues...')
#6 /home/imagurues/public_html/new2/index.php(17): require('/home/imagurues...')
#7 {main}
  thrown in /home/imagurues/public_html/new2/wp-content/themes/imaguru.by/functions.php on line 450#!trpst#/trp-gettext#!trpen#

2019-05-10T14:12:52+00:00 CRITICAL Uncaught Error: Call to undefined function qtrans_getLanguage() in /home/imagurues/public_html/new2/wp-content/themes/imaguru.by/functions.php:450
Stack trace:
#0 /home/imagurues/public_html/new2/wp-content/themes/imaguru.by/tribe-events/course.php(86): tribe_get_recurrence_daynames()
#1 /home/imagurues/public_html/new2/wp-content/themes/imaguru.by/tribe-events/single-event.php(25): include('/home/imagurues...')
#2 /home/imagurues/public_html/new2/wp-content/plugins/the-events-calendar/src/functions/template-tags/general.php(45): include('/home/imagurues...')
#3 /home/imagurues/public_html/new2/wp-content/themes/imaguru.by/tribe-events/default-template.php(425): tribe_get_view()
#4 /home/imagurues/public_html/new2/wp-includes/template-loader.php(77): include('/home/imagurues...')
#5 /home/imagurues/public_html/new2/wp-blog-header.php(19): require_once('/home/imagurues...')
#6 /home/imagurues/public_html/new2/index.php(17): require('/home/imagurues...')
#7 {main}
  thrown in /home/imagurues/public_html/new2/wp-content/themes/imaguru.by/functions.php on line 450

2019-05-10T14:13:09+00:00 CRITICAL Uncaught Error: Call to undefined function qtrans_getLanguage() in /home/imagurues/public_html/new2/wp-content/themes/imaguru.by/functions.php:450
Stack trace:
#0 /home/imagurues/public_html/new2/wp-content/themes/imaguru.by/tribe-events/course.php(86): tribe_get_recurrence_daynames()
#1 /home/imagurues/public_html/new2/wp-content/themes/imaguru.by/tribe-events/single-event.php(25): include('/home/imagurues...')
#2 /home/imagurues/public_html/new2/wp-content/plugins/the-events-calendar/src/functions/template-tags/general.php(45): include('/home/imagurues...')
#3 /home/imagurues/public_html/new2/wp-content/themes/imaguru.by/tribe-events/default-template.php(425): tribe_get_view()
#4 /home/imagurues/public_html/new2/wp-includes/template-loader.php(77): include('/home/imagurues...')
#5 /home/imagurues/public_html/new2/wp-blog-header.php(19): require_once('/home/imagurues...')
#6 /home/imagurues/public_html/new2/index.php(17): require('/home/imagurues...')
#7 {main}
  thrown in /home/imagurues/public_html/new2/wp-content/themes/imaguru.by/functions.php on line 450

2019-05-10T14:14:00+00:00 CRITICAL #!trpst#trp-gettext data-trpgettextoriginal=370#!trpen#Uncaught Error: Call to undefined function qtrans_getLanguage() in /home/imagurues/public_html/new2/wp-content/themes/imaguru.by/functions.php:450
Stack trace:
#0 /home/imagurues/public_html/new2/wp-content/themes/imaguru.by/tribe-events/course.php(86): tribe_get_recurrence_daynames()
#1 /home/imagurues/public_html/new2/wp-content/themes/imaguru.by/tribe-events/single-event.php(25): include('/home/imagurues...')
#2 /home/imagurues/public_html/new2/wp-content/plugins/the-events-calendar/src/functions/template-tags/general.php(45): include('/home/imagurues...')
#3 /home/imagurues/public_html/new2/wp-content/themes/imaguru.by/tribe-events/default-template.php(425): tribe_get_view()
#4 /home/imagurues/public_html/new2/wp-includes/template-loader.php(77): include('/home/imagurues...')
#5 /home/imagurues/public_html/new2/wp-blog-header.php(19): require_once('/home/imagurues...')
#6 /home/imagurues/public_html/new2/index.php(17): require('/home/imagurues...')
#7 {main}
  thrown in /home/imagurues/public_html/new2/wp-content/themes/imaguru.by/functions.php on line 450#!trpst#/trp-gettext#!trpen#

2019-05-10T14:20:18+00:00 CRITICAL Uncaught Error: Call to undefined function qtrans_getLanguage() in /home/imagurues/public_html/new2/wp-content/themes/imaguru.by/functions.php:450
Stack trace:
#0 /home/imagurues/public_html/new2/wp-content/themes/imaguru.by/tribe-events/course.php(86): tribe_get_recurrence_daynames()
#1 /home/imagurues/public_html/new2/wp-content/themes/imaguru.by/tribe-events/single-event.php(25): include('/home/imagurues...')
#2 /home/imagurues/public_html/new2/wp-content/plugins/the-events-calendar/src/functions/template-tags/general.php(45): include('/home/imagurues...')
#3 /home/imagurues/public_html/new2/wp-content/themes/imaguru.by/tribe-events/default-template.php(425): tribe_get_view()
#4 /home/imagurues/public_html/new2/wp-includes/template-loader.php(77): include('/home/imagurues...')
#5 /home/imagurues/public_html/new2/wp-blog-header.php(19): require_once('/home/imagurues...')
#6 /home/imagurues/public_html/new2/index.php(17): require('/home/imagurues...')
#7 {main}
  thrown in /home/imagurues/public_html/new2/wp-content/themes/imaguru.by/functions.php on line 450

2019-05-10T14:20:20+00:00 CRITICAL Uncaught Error: Call to undefined function qtrans_getLanguage() in /home/imagurues/public_html/new2/wp-content/themes/imaguru.by/functions.php:450
Stack trace:
#0 /home/imagurues/public_html/new2/wp-content/themes/imaguru.by/tribe-events/course.php(86): tribe_get_recurrence_daynames()
#1 /home/imagurues/public_html/new2/wp-content/themes/imaguru.by/tribe-events/single-event.php(25): include('/home/imagurues...')
#2 /home/imagurues/public_html/new2/wp-content/plugins/the-events-calendar/src/functions/template-tags/general.php(45): include('/home/imagurues...')
#3 /home/imagurues/public_html/new2/wp-content/themes/imaguru.by/tribe-events/default-template.php(425): tribe_get_view()
#4 /home/imagurues/public_html/new2/wp-includes/template-loader.php(77): include('/home/imagurues...')
#5 /home/imagurues/public_html/new2/wp-blog-header.php(19): require_once('/home/imagurues...')
#6 /home/imagurues/public_html/new2/index.php(17): require('/home/imagurues...')
#7 {main}
  thrown in /home/imagurues/public_html/new2/wp-content/themes/imaguru.by/functions.php on line 450

2019-05-10T14:22:05+00:00 CRITICAL #!trpst#trp-gettext data-trpgettextoriginal=370#!trpen#Uncaught Error: Call to undefined function qtrans_getLanguage() in /home/imagurues/public_html/new2/wp-content/themes/imaguru.by/functions.php:450
Stack trace:
#0 /home/imagurues/public_html/new2/wp-content/themes/imaguru.by/tribe-events/course.php(86): tribe_get_recurrence_daynames()
#1 /home/imagurues/public_html/new2/wp-content/themes/imaguru.by/tribe-events/single-event.php(25): include('/home/imagurues...')
#2 /home/imagurues/public_html/new2/wp-content/plugins/the-events-calendar/src/functions/template-tags/general.php(45): include('/home/imagurues...')
#3 /home/imagurues/public_html/new2/wp-content/themes/imaguru.by/tribe-events/default-template.php(425): tribe_get_view()
#4 /home/imagurues/public_html/new2/wp-includes/template-loader.php(77): include('/home/imagurues...')
#5 /home/imagurues/public_html/new2/wp-blog-header.php(19): require_once('/home/imagurues...')
#6 /home/imagurues/public_html/new2/index.php(17): require('/home/imagurues...')
#7 {main}
  thrown in /home/imagurues/public_html/new2/wp-content/themes/imaguru.by/functions.php on line 450#!trpst#/trp-gettext#!trpen#

2019-05-10T14:26:27+00:00 CRITICAL Uncaught Error: Call to undefined function qtrans_getLanguage() in /home/imagurues/public_html/new2/wp-content/themes/imaguru.by/functions.php:450
Stack trace:
#0 /home/imagurues/public_html/new2/wp-content/themes/imaguru.by/tribe-events/course.php(86): tribe_get_recurrence_daynames()
#1 /home/imagurues/public_html/new2/wp-content/themes/imaguru.by/tribe-events/single-event.php(25): include('/home/imagurues...')
#2 /home/imagurues/public_html/new2/wp-content/plugins/the-events-calendar/src/functions/template-tags/general.php(45): include('/home/imagurues...')
#3 /home/imagurues/public_html/new2/wp-content/themes/imaguru.by/tribe-events/default-template.php(425): tribe_get_view()
#4 /home/imagurues/public_html/new2/wp-includes/template-loader.php(77): include('/home/imagurues...')
#5 /home/imagurues/public_html/new2/wp-blog-header.php(19): require_once('/home/imagurues...')
#6 /home/imagurues/public_html/new2/index.php(17): require('/home/imagurues...')
#7 {main}
  thrown in /home/imagurues/public_html/new2/wp-content/themes/imaguru.by/functions.php on line 450

2019-05-10T14:28:50+00:00 CRITICAL Uncaught Error: Call to undefined function qtrans_getLanguage() in /home/imagurues/public_html/new2/wp-content/themes/imaguru.by/functions.php:450
Stack trace:
#0 /home/imagurues/public_html/new2/wp-content/themes/imaguru.by/tribe-events/course.php(86): tribe_get_recurrence_daynames()
#1 /home/imagurues/public_html/new2/wp-content/themes/imaguru.by/tribe-events/single-event.php(25): include('/home/imagurues...')
#2 /home/imagurues/public_html/new2/wp-content/plugins/the-events-calendar/src/functions/template-tags/general.php(45): include('/home/imagurues...')
#3 /home/imagurues/public_html/new2/wp-content/themes/imaguru.by/tribe-events/default-template.php(425): tribe_get_view()
#4 /home/imagurues/public_html/new2/wp-includes/template-loader.php(77): include('/home/imagurues...')
#5 /home/imagurues/public_html/new2/wp-blog-header.php(19): require_once('/home/imagurues...')
#6 /home/imagurues/public_html/new2/index.php(17): require('/home/imagurues...')
#7 {main}
  thrown in /home/imagurues/public_html/new2/wp-content/themes/imaguru.by/functions.php on line 450

2019-05-10T14:40:49+00:00 CRITICAL Uncaught Error: Call to undefined function qtrans_getLanguage() in /home/imagurues/public_html/new2/wp-content/themes/imaguru.by/functions.php:450
Stack trace:
#0 /home/imagurues/public_html/new2/wp-content/themes/imaguru.by/tribe-events/course.php(86): tribe_get_recurrence_daynames()
#1 /home/imagurues/public_html/new2/wp-content/themes/imaguru.by/tribe-events/single-event.php(25): include('/home/imagurues...')
#2 /home/imagurues/public_html/new2/wp-content/plugins/the-events-calendar/src/functions/template-tags/general.php(45): include('/home/imagurues...')
#3 /home/imagurues/public_html/new2/wp-content/themes/imaguru.by/tribe-events/default-template.php(425): tribe_get_view()
#4 /home/imagurues/public_html/new2/wp-includes/template-loader.php(77): include('/home/imagurues...')
#5 /home/imagurues/public_html/new2/wp-blog-header.php(19): require_once('/home/imagurues...')
#6 /home/imagurues/public_html/new2/index.php(17): require('/home/imagurues...')
#7 {main}
  thrown in /home/imagurues/public_html/new2/wp-content/themes/imaguru.by/functions.php on line 450

2019-05-10T17:48:31+00:00 CRITICAL #!trpst#trp-gettext data-trpgettextoriginal=4734#!trpen#Uncaught Error: Call to undefined function qtrans_getLanguage() in /home/imagurues/public_html/wp-content/themes/imaguru.by/functions.php:450
Stack trace:
#0 /home/imagurues/public_html/wp-content/themes/imaguru.by/tribe-events/course.php(86): tribe_get_recurrence_daynames()
#1 /home/imagurues/public_html/wp-content/themes/imaguru.by/tribe-events/single-event.php(25): include('/home/imagurues...')
#2 /home/imagurues/public_html/wp-content/plugins/the-events-calendar/src/functions/template-tags/general.php(45): include('/home/imagurues...')
#3 /home/imagurues/public_html/wp-content/themes/imaguru.by/tribe-events/default-template.php(425): tribe_get_view()
#4 /home/imagurues/public_html/wp-includes/template-loader.php(77): include('/home/imagurues...')
#5 /home/imagurues/public_html/wp-blog-header.php(19): require_once('/home/imagurues...')
#6 /home/imagurues/public_html/index.php(17): require('/home/imagurues...')
#7 {main}
  thrown en /home/imagurues/public_html/wp-content/themes/imaguru.by/functions.php en la línea 450#!trpst#/trp-gettext#!trpen#

2019-05-10T17:52:59+00:00 CRITICAL #!trpst#trp-gettext data-trpgettextoriginal=4734#!trpen#Uncaught Error: Call to undefined function qtrans_getLanguage() in /home/imagurues/public_html/wp-content/themes/imaguru.by/functions.php:450
Stack trace:
#0 /home/imagurues/public_html/wp-content/themes/imaguru.by/tribe-events/course.php(86): tribe_get_recurrence_daynames()
#1 /home/imagurues/public_html/wp-content/themes/imaguru.by/tribe-events/single-event.php(25): include('/home/imagurues...')
#2 /home/imagurues/public_html/wp-content/plugins/the-events-calendar/src/functions/template-tags/general.php(45): include('/home/imagurues...')
#3 /home/imagurues/public_html/wp-content/themes/imaguru.by/tribe-events/default-template.php(425): tribe_get_view()
#4 /home/imagurues/public_html/wp-includes/template-loader.php(77): include('/home/imagurues...')
#5 /home/imagurues/public_html/wp-blog-header.php(19): require_once('/home/imagurues...')
#6 /home/imagurues/public_html/index.php(17): require('/home/imagurues...')
#7 {main}
  thrown en /home/imagurues/public_html/wp-content/themes/imaguru.by/functions.php en la línea 450#!trpst#/trp-gettext#!trpen#

