2019-05-13T01:20:56+00:00 CRITICAL Uncaught Error: Call to undefined function qtrans_getLanguage() in /home/imagurues/public_html/wp-content/themes/imaguru.by/functions.php:450
Stack trace:
#0 /home/imagurues/public_html/wp-content/themes/imaguru.by/tribe-events/course.php(86): tribe_get_recurrence_daynames()
#1 /home/imagurues/public_html/wp-content/themes/imaguru.by/tribe-events/single-event.php(25): include('/home/imagurues...')
#2 /home/imagurues/public_html/wp-content/plugins/the-events-calendar/src/functions/template-tags/general.php(45): include('/home/imagurues...')
#3 /home/imagurues/public_html/wp-content/themes/imaguru.by/tribe-events/default-template.php(425): tribe_get_view()
#4 /home/imagurues/public_html/wp-includes/template-loader.php(77): include('/home/imagurues...')
#5 /home/imagurues/public_html/wp-blog-header.php(19): require_once('/home/imagurues...')
#6 /home/imagurues/public_html/index.php(17): require('/home/imagurues...')
#7 {main}
  thrown in /home/imagurues/public_html/wp-content/themes/imaguru.by/functions.php on line 450

2019-05-13T04:40:53+00:00 CRITICAL #!trpst#trp-gettext data-trpgettextoriginal=4734#!trpen#Uncaught Error: Call to undefined function qtrans_getLanguage() in /home/imagurues/public_html/wp-content/themes/imaguru.by/functions.php:450
Stack trace:
#0 /home/imagurues/public_html/wp-content/themes/imaguru.by/tribe-events/course.php(86): tribe_get_recurrence_daynames()
#1 /home/imagurues/public_html/wp-content/themes/imaguru.by/tribe-events/single-event.php(25): include('/home/imagurues...')
#2 /home/imagurues/public_html/wp-content/plugins/the-events-calendar/src/functions/template-tags/general.php(45): include('/home/imagurues...')
#3 /home/imagurues/public_html/wp-content/themes/imaguru.by/tribe-events/default-template.php(425): tribe_get_view()
#4 /home/imagurues/public_html/wp-includes/template-loader.php(77): include('/home/imagurues...')
#5 /home/imagurues/public_html/wp-blog-header.php(19): require_once('/home/imagurues...')
#6 /home/imagurues/public_html/index.php(17): require('/home/imagurues...')
#7 {main}
  thrown en /home/imagurues/public_html/wp-content/themes/imaguru.by/functions.php en la línea 450#!trpst#/trp-gettext#!trpen#

2019-05-13T06:37:45+00:00 CRITICAL Uncaught Error: Call to undefined function qtrans_getLanguage() in /home/imagurues/public_html/wp-content/themes/imaguru.by/functions.php:450
Stack trace:
#0 /home/imagurues/public_html/wp-content/themes/imaguru.by/tribe-events/course.php(86): tribe_get_recurrence_daynames()
#1 /home/imagurues/public_html/wp-content/themes/imaguru.by/tribe-events/single-event.php(25): include('/home/imagurues...')
#2 /home/imagurues/public_html/wp-content/plugins/the-events-calendar/src/functions/template-tags/general.php(45): include('/home/imagurues...')
#3 /home/imagurues/public_html/wp-content/themes/imaguru.by/tribe-events/default-template.php(425): tribe_get_view()
#4 /home/imagurues/public_html/wp-includes/template-loader.php(77): include('/home/imagurues...')
#5 /home/imagurues/public_html/wp-blog-header.php(19): require_once('/home/imagurues...')
#6 /home/imagurues/public_html/index.php(17): require('/home/imagurues...')
#7 {main}
  thrown in /home/imagurues/public_html/wp-content/themes/imaguru.by/functions.php on line 450

2019-05-13T07:19:20+00:00 CRITICAL Uncaught Error: Call to undefined function qtrans_getLanguage() in /home/imagurues/public_html/wp-content/themes/imaguru.by/functions.php:450
Stack trace:
#0 /home/imagurues/public_html/wp-content/themes/imaguru.by/tribe-events/course.php(86): tribe_get_recurrence_daynames()
#1 /home/imagurues/public_html/wp-content/themes/imaguru.by/tribe-events/single-event.php(25): include('/home/imagurues...')
#2 /home/imagurues/public_html/wp-content/plugins/the-events-calendar/src/functions/template-tags/general.php(45): include('/home/imagurues...')
#3 /home/imagurues/public_html/wp-content/themes/imaguru.by/tribe-events/default-template.php(425): tribe_get_view()
#4 /home/imagurues/public_html/wp-includes/template-loader.php(77): include('/home/imagurues...')
#5 /home/imagurues/public_html/wp-blog-header.php(19): require_once('/home/imagurues...')
#6 /home/imagurues/public_html/index.php(17): require('/home/imagurues...')
#7 {main}
  thrown in /home/imagurues/public_html/wp-content/themes/imaguru.by/functions.php on line 450

2019-05-13T07:49:25+00:00 CRITICAL #!trpst#trp-gettext data-trpgettextoriginal=4734#!trpen#Uncaught Error: Call to undefined function qtrans_getLanguage() in /home/imagurues/public_html/wp-content/themes/imaguru.by/functions.php:450
Stack trace:
#0 /home/imagurues/public_html/wp-content/themes/imaguru.by/tribe-events/course.php(86): tribe_get_recurrence_daynames()
#1 /home/imagurues/public_html/wp-content/themes/imaguru.by/tribe-events/single-event.php(25): include('/home/imagurues...')
#2 /home/imagurues/public_html/wp-content/plugins/the-events-calendar/src/functions/template-tags/general.php(45): include('/home/imagurues...')
#3 /home/imagurues/public_html/wp-content/themes/imaguru.by/tribe-events/default-template.php(425): tribe_get_view()
#4 /home/imagurues/public_html/wp-includes/template-loader.php(77): include('/home/imagurues...')
#5 /home/imagurues/public_html/wp-blog-header.php(19): require_once('/home/imagurues...')
#6 /home/imagurues/public_html/index.php(17): require('/home/imagurues...')
#7 {main}
  thrown en /home/imagurues/public_html/wp-content/themes/imaguru.by/functions.php en la línea 450#!trpst#/trp-gettext#!trpen#

2019-05-13T08:53:47+00:00 CRITICAL Uncaught Error: Call to undefined function qtrans_getLanguage() in /home/imagurues/public_html/wp-content/themes/imaguru.by/functions.php:450
Stack trace:
#0 /home/imagurues/public_html/wp-content/themes/imaguru.by/tribe-events/course.php(86): tribe_get_recurrence_daynames()
#1 /home/imagurues/public_html/wp-content/themes/imaguru.by/tribe-events/single-event.php(25): include('/home/imagurues...')
#2 /home/imagurues/public_html/wp-content/plugins/the-events-calendar/src/functions/template-tags/general.php(45): include('/home/imagurues...')
#3 /home/imagurues/public_html/wp-content/themes/imaguru.by/tribe-events/default-template.php(425): tribe_get_view()
#4 /home/imagurues/public_html/wp-includes/template-loader.php(77): include('/home/imagurues...')
#5 /home/imagurues/public_html/wp-blog-header.php(19): require_once('/home/imagurues...')
#6 /home/imagurues/public_html/index.php(17): require('/home/imagurues...')
#7 {main}
  thrown in /home/imagurues/public_html/wp-content/themes/imaguru.by/functions.php on line 450

2019-05-13T08:53:49+00:00 CRITICAL Uncaught Error: Call to undefined function qtrans_getLanguage() in /home/imagurues/public_html/wp-content/themes/imaguru.by/functions.php:450
Stack trace:
#0 /home/imagurues/public_html/wp-content/themes/imaguru.by/tribe-events/course.php(86): tribe_get_recurrence_daynames()
#1 /home/imagurues/public_html/wp-content/themes/imaguru.by/tribe-events/single-event.php(25): include('/home/imagurues...')
#2 /home/imagurues/public_html/wp-content/plugins/the-events-calendar/src/functions/template-tags/general.php(45): include('/home/imagurues...')
#3 /home/imagurues/public_html/wp-content/themes/imaguru.by/tribe-events/default-template.php(425): tribe_get_view()
#4 /home/imagurues/public_html/wp-includes/template-loader.php(77): include('/home/imagurues...')
#5 /home/imagurues/public_html/wp-blog-header.php(19): require_once('/home/imagurues...')
#6 /home/imagurues/public_html/index.php(17): require('/home/imagurues...')
#7 {main}
  thrown in /home/imagurues/public_html/wp-content/themes/imaguru.by/functions.php on line 450

2019-05-13T08:53:49+00:00 CRITICAL Uncaught Error: Call to undefined function qtrans_getLanguage() in /home/imagurues/public_html/wp-content/themes/imaguru.by/functions.php:450
Stack trace:
#0 /home/imagurues/public_html/wp-content/themes/imaguru.by/tribe-events/course.php(86): tribe_get_recurrence_daynames()
#1 /home/imagurues/public_html/wp-content/themes/imaguru.by/tribe-events/single-event.php(25): include('/home/imagurues...')
#2 /home/imagurues/public_html/wp-content/plugins/the-events-calendar/src/functions/template-tags/general.php(45): include('/home/imagurues...')
#3 /home/imagurues/public_html/wp-content/themes/imaguru.by/tribe-events/default-template.php(425): tribe_get_view()
#4 /home/imagurues/public_html/wp-includes/template-loader.php(77): include('/home/imagurues...')
#5 /home/imagurues/public_html/wp-blog-header.php(19): require_once('/home/imagurues...')
#6 /home/imagurues/public_html/index.php(17): require('/home/imagurues...')
#7 {main}
  thrown in /home/imagurues/public_html/wp-content/themes/imaguru.by/functions.php on line 450

2019-05-13T12:34:39+00:00 CRITICAL Uncaught Error: Call to undefined function qtrans_getLanguage() in /home/imagurues/public_html/wp-content/themes/imaguru.by/functions.php:450
Stack trace:
#0 /home/imagurues/public_html/wp-content/themes/imaguru.by/tribe-events/course.php(86): tribe_get_recurrence_daynames()
#1 /home/imagurues/public_html/wp-content/themes/imaguru.by/tribe-events/single-event.php(25): include('/home/imagurues...')
#2 /home/imagurues/public_html/wp-content/plugins/the-events-calendar/src/functions/template-tags/general.php(45): include('/home/imagurues...')
#3 /home/imagurues/public_html/wp-content/themes/imaguru.by/tribe-events/default-template.php(425): tribe_get_view()
#4 /home/imagurues/public_html/wp-includes/template-loader.php(77): include('/home/imagurues...')
#5 /home/imagurues/public_html/wp-blog-header.php(19): require_once('/home/imagurues...')
#6 /home/imagurues/public_html/index.php(17): require('/home/imagurues...')
#7 {main}
  thrown in /home/imagurues/public_html/wp-content/themes/imaguru.by/functions.php on line 450

2019-05-13T13:07:10+00:00 CRITICAL Uncaught Error: Call to undefined function qtrans_getLanguage() in /home/imagurues/public_html/wp-content/themes/imaguru.by/functions.php:450
Stack trace:
#0 /home/imagurues/public_html/wp-content/themes/imaguru.by/tribe-events/course.php(86): tribe_get_recurrence_daynames()
#1 /home/imagurues/public_html/wp-content/themes/imaguru.by/tribe-events/single-event.php(25): include('/home/imagurues...')
#2 /home/imagurues/public_html/wp-content/plugins/the-events-calendar/src/functions/template-tags/general.php(45): include('/home/imagurues...')
#3 /home/imagurues/public_html/wp-content/themes/imaguru.by/tribe-events/default-template.php(425): tribe_get_view()
#4 /home/imagurues/public_html/wp-includes/template-loader.php(77): include('/home/imagurues...')
#5 /home/imagurues/public_html/wp-blog-header.php(19): require_once('/home/imagurues...')
#6 /home/imagurues/public_html/index.php(17): require('/home/imagurues...')
#7 {main}
  thrown in /home/imagurues/public_html/wp-content/themes/imaguru.by/functions.php on line 450

2019-05-13T13:08:49+00:00 CRITICAL Uncaught Error: Call to undefined function qtrans_getLanguage() in /home/imagurues/public_html/wp-content/themes/imaguru.by/functions.php:450
Stack trace:
#0 /home/imagurues/public_html/wp-content/themes/imaguru.by/tribe-events/course.php(86): tribe_get_recurrence_daynames()
#1 /home/imagurues/public_html/wp-content/themes/imaguru.by/tribe-events/single-event.php(25): include('/home/imagurues...')
#2 /home/imagurues/public_html/wp-content/plugins/the-events-calendar/src/functions/template-tags/general.php(45): include('/home/imagurues...')
#3 /home/imagurues/public_html/wp-content/themes/imaguru.by/tribe-events/default-template.php(425): tribe_get_view()
#4 /home/imagurues/public_html/wp-includes/template-loader.php(77): include('/home/imagurues...')
#5 /home/imagurues/public_html/wp-blog-header.php(19): require_once('/home/imagurues...')
#6 /home/imagurues/public_html/index.php(17): require('/home/imagurues...')
#7 {main}
  thrown in /home/imagurues/public_html/wp-content/themes/imaguru.by/functions.php on line 450

2019-05-13T13:09:53+00:00 CRITICAL Uncaught Error: Call to undefined function qtrans_getLanguage() in /home/imagurues/public_html/wp-content/themes/imaguru.by/functions.php:450
Stack trace:
#0 /home/imagurues/public_html/wp-content/themes/imaguru.by/tribe-events/course.php(86): tribe_get_recurrence_daynames()
#1 /home/imagurues/public_html/wp-content/themes/imaguru.by/tribe-events/single-event.php(25): include('/home/imagurues...')
#2 /home/imagurues/public_html/wp-content/plugins/the-events-calendar/src/functions/template-tags/general.php(45): include('/home/imagurues...')
#3 /home/imagurues/public_html/wp-content/themes/imaguru.by/tribe-events/default-template.php(425): tribe_get_view()
#4 /home/imagurues/public_html/wp-includes/template-loader.php(77): include('/home/imagurues...')
#5 /home/imagurues/public_html/wp-blog-header.php(19): require_once('/home/imagurues...')
#6 /home/imagurues/public_html/index.php(17): require('/home/imagurues...')
#7 {main}
  thrown in /home/imagurues/public_html/wp-content/themes/imaguru.by/functions.php on line 450

2019-05-13T13:10:38+00:00 CRITICAL Uncaught Error: Call to undefined function qtrans_getLanguage() in /home/imagurues/public_html/wp-content/themes/imaguru.by/functions.php:450
Stack trace:
#0 /home/imagurues/public_html/wp-content/themes/imaguru.by/tribe-events/course.php(86): tribe_get_recurrence_daynames()
#1 /home/imagurues/public_html/wp-content/themes/imaguru.by/tribe-events/single-event.php(25): include('/home/imagurues...')
#2 /home/imagurues/public_html/wp-content/plugins/the-events-calendar/src/functions/template-tags/general.php(45): include('/home/imagurues...')
#3 /home/imagurues/public_html/wp-content/themes/imaguru.by/tribe-events/default-template.php(425): tribe_get_view()
#4 /home/imagurues/public_html/wp-includes/template-loader.php(77): include('/home/imagurues...')
#5 /home/imagurues/public_html/wp-blog-header.php(19): require_once('/home/imagurues...')
#6 /home/imagurues/public_html/index.php(17): require('/home/imagurues...')
#7 {main}
  thrown in /home/imagurues/public_html/wp-content/themes/imaguru.by/functions.php on line 450

2019-05-13T13:11:00+00:00 CRITICAL Uncaught Error: Call to undefined function qtrans_getLanguage() in /home/imagurues/public_html/wp-content/themes/imaguru.by/functions.php:450
Stack trace:
#0 /home/imagurues/public_html/wp-content/themes/imaguru.by/tribe-events/course.php(86): tribe_get_recurrence_daynames()
#1 /home/imagurues/public_html/wp-content/themes/imaguru.by/tribe-events/single-event.php(25): include('/home/imagurues...')
#2 /home/imagurues/public_html/wp-content/plugins/the-events-calendar/src/functions/template-tags/general.php(45): include('/home/imagurues...')
#3 /home/imagurues/public_html/wp-content/themes/imaguru.by/tribe-events/default-template.php(425): tribe_get_view()
#4 /home/imagurues/public_html/wp-includes/template-loader.php(77): include('/home/imagurues...')
#5 /home/imagurues/public_html/wp-blog-header.php(19): require_once('/home/imagurues...')
#6 /home/imagurues/public_html/index.php(17): require('/home/imagurues...')
#7 {main}
  thrown in /home/imagurues/public_html/wp-content/themes/imaguru.by/functions.php on line 450

2019-05-13T13:26:45+00:00 CRITICAL #!trpst#trp-gettext data-trpgettextoriginal=4734#!trpen#Uncaught Error: Call to undefined function qtrans_getLanguage() in /home/imagurues/public_html/wp-content/themes/imaguru.by/functions.php:450
Stack trace:
#0 /home/imagurues/public_html/wp-content/themes/imaguru.by/tribe-events/course.php(86): tribe_get_recurrence_daynames()
#1 /home/imagurues/public_html/wp-content/themes/imaguru.by/tribe-events/single-event.php(25): include('/home/imagurues...')
#2 /home/imagurues/public_html/wp-content/plugins/the-events-calendar/src/functions/template-tags/general.php(45): include('/home/imagurues...')
#3 /home/imagurues/public_html/wp-content/themes/imaguru.by/tribe-events/default-template.php(425): tribe_get_view()
#4 /home/imagurues/public_html/wp-includes/template-loader.php(77): include('/home/imagurues...')
#5 /home/imagurues/public_html/wp-blog-header.php(19): require_once('/home/imagurues...')
#6 /home/imagurues/public_html/index.php(17): require('/home/imagurues...')
#7 {main}
  thrown en /home/imagurues/public_html/wp-content/themes/imaguru.by/functions.php en la línea 450#!trpst#/trp-gettext#!trpen#

2019-05-13T13:43:26+00:00 CRITICAL Uncaught Error: Call to undefined function qtrans_getLanguage() in /home/imagurues/public_html/wp-content/themes/imaguru.by/functions.php:450
Stack trace:
#0 /home/imagurues/public_html/wp-content/themes/imaguru.by/tribe-events/course.php(86): tribe_get_recurrence_daynames()
#1 /home/imagurues/public_html/wp-content/themes/imaguru.by/tribe-events/single-event.php(25): include('/home/imagurues...')
#2 /home/imagurues/public_html/wp-content/plugins/the-events-calendar/src/functions/template-tags/general.php(45): include('/home/imagurues...')
#3 /home/imagurues/public_html/wp-content/themes/imaguru.by/tribe-events/default-template.php(425): tribe_get_view()
#4 /home/imagurues/public_html/wp-includes/template-loader.php(77): include('/home/imagurues...')
#5 /home/imagurues/public_html/wp-blog-header.php(19): require_once('/home/imagurues...')
#6 /home/imagurues/public_html/index.php(17): require('/home/imagurues...')
#7 {main}
  thrown in /home/imagurues/public_html/wp-content/themes/imaguru.by/functions.php on line 450

2019-05-13T13:43:44+00:00 CRITICAL Uncaught Error: Call to undefined function qtrans_getLanguage() in /home/imagurues/public_html/wp-content/themes/imaguru.by/functions.php:450
Stack trace:
#0 /home/imagurues/public_html/wp-content/themes/imaguru.by/tribe-events/course.php(86): tribe_get_recurrence_daynames()
#1 /home/imagurues/public_html/wp-content/themes/imaguru.by/tribe-events/single-event.php(25): include('/home/imagurues...')
#2 /home/imagurues/public_html/wp-content/plugins/the-events-calendar/src/functions/template-tags/general.php(45): include('/home/imagurues...')
#3 /home/imagurues/public_html/wp-content/themes/imaguru.by/tribe-events/default-template.php(425): tribe_get_view()
#4 /home/imagurues/public_html/wp-includes/template-loader.php(77): include('/home/imagurues...')
#5 /home/imagurues/public_html/wp-blog-header.php(19): require_once('/home/imagurues...')
#6 /home/imagurues/public_html/index.php(17): require('/home/imagurues...')
#7 {main}
  thrown in /home/imagurues/public_html/wp-content/themes/imaguru.by/functions.php on line 450

2019-05-13T13:44:04+00:00 CRITICAL Uncaught Error: Call to undefined function qtrans_getLanguage() in /home/imagurues/public_html/wp-content/themes/imaguru.by/functions.php:450
Stack trace:
#0 /home/imagurues/public_html/wp-content/themes/imaguru.by/tribe-events/course.php(86): tribe_get_recurrence_daynames()
#1 /home/imagurues/public_html/wp-content/themes/imaguru.by/tribe-events/single-event.php(25): include('/home/imagurues...')
#2 /home/imagurues/public_html/wp-content/plugins/the-events-calendar/src/functions/template-tags/general.php(45): include('/home/imagurues...')
#3 /home/imagurues/public_html/wp-content/themes/imaguru.by/tribe-events/default-template.php(425): tribe_get_view()
#4 /home/imagurues/public_html/wp-includes/template-loader.php(77): include('/home/imagurues...')
#5 /home/imagurues/public_html/wp-blog-header.php(19): require_once('/home/imagurues...')
#6 /home/imagurues/public_html/index.php(17): require('/home/imagurues...')
#7 {main}
  thrown in /home/imagurues/public_html/wp-content/themes/imaguru.by/functions.php on line 450

2019-05-13T13:44:15+00:00 CRITICAL Uncaught Error: Call to undefined function qtrans_getLanguage() in /home/imagurues/public_html/wp-content/themes/imaguru.by/functions.php:450
Stack trace:
#0 /home/imagurues/public_html/wp-content/themes/imaguru.by/tribe-events/course.php(86): tribe_get_recurrence_daynames()
#1 /home/imagurues/public_html/wp-content/themes/imaguru.by/tribe-events/single-event.php(25): include('/home/imagurues...')
#2 /home/imagurues/public_html/wp-content/plugins/the-events-calendar/src/functions/template-tags/general.php(45): include('/home/imagurues...')
#3 /home/imagurues/public_html/wp-content/themes/imaguru.by/tribe-events/default-template.php(425): tribe_get_view()
#4 /home/imagurues/public_html/wp-includes/template-loader.php(77): include('/home/imagurues...')
#5 /home/imagurues/public_html/wp-blog-header.php(19): require_once('/home/imagurues...')
#6 /home/imagurues/public_html/index.php(17): require('/home/imagurues...')
#7 {main}
  thrown in /home/imagurues/public_html/wp-content/themes/imaguru.by/functions.php on line 450

2019-05-13T13:44:43+00:00 CRITICAL Uncaught Error: Call to undefined function qtrans_getLanguage() in /home/imagurues/public_html/wp-content/themes/imaguru.by/functions.php:450
Stack trace:
#0 /home/imagurues/public_html/wp-content/themes/imaguru.by/tribe-events/course.php(86): tribe_get_recurrence_daynames()
#1 /home/imagurues/public_html/wp-content/themes/imaguru.by/tribe-events/single-event.php(25): include('/home/imagurues...')
#2 /home/imagurues/public_html/wp-content/plugins/the-events-calendar/src/functions/template-tags/general.php(45): include('/home/imagurues...')
#3 /home/imagurues/public_html/wp-content/themes/imaguru.by/tribe-events/default-template.php(425): tribe_get_view()
#4 /home/imagurues/public_html/wp-includes/template-loader.php(77): include('/home/imagurues...')
#5 /home/imagurues/public_html/wp-blog-header.php(19): require_once('/home/imagurues...')
#6 /home/imagurues/public_html/index.php(17): require('/home/imagurues...')
#7 {main}
  thrown in /home/imagurues/public_html/wp-content/themes/imaguru.by/functions.php on line 450

2019-05-13T13:44:48+00:00 CRITICAL Uncaught Error: Call to undefined function qtrans_getLanguage() in /home/imagurues/public_html/wp-content/themes/imaguru.by/functions.php:450
Stack trace:
#0 /home/imagurues/public_html/wp-content/themes/imaguru.by/tribe-events/course.php(86): tribe_get_recurrence_daynames()
#1 /home/imagurues/public_html/wp-content/themes/imaguru.by/tribe-events/single-event.php(25): include('/home/imagurues...')
#2 /home/imagurues/public_html/wp-content/plugins/the-events-calendar/src/functions/template-tags/general.php(45): include('/home/imagurues...')
#3 /home/imagurues/public_html/wp-content/themes/imaguru.by/tribe-events/default-template.php(425): tribe_get_view()
#4 /home/imagurues/public_html/wp-includes/template-loader.php(77): include('/home/imagurues...')
#5 /home/imagurues/public_html/wp-blog-header.php(19): require_once('/home/imagurues...')
#6 /home/imagurues/public_html/index.php(17): require('/home/imagurues...')
#7 {main}
  thrown in /home/imagurues/public_html/wp-content/themes/imaguru.by/functions.php on line 450

2019-05-13T13:45:23+00:00 CRITICAL Uncaught Error: Call to undefined function qtrans_getLanguage() in /home/imagurues/public_html/wp-content/themes/imaguru.by/functions.php:450
Stack trace:
#0 /home/imagurues/public_html/wp-content/themes/imaguru.by/tribe-events/course.php(86): tribe_get_recurrence_daynames()
#1 /home/imagurues/public_html/wp-content/themes/imaguru.by/tribe-events/single-event.php(25): include('/home/imagurues...')
#2 /home/imagurues/public_html/wp-content/plugins/the-events-calendar/src/functions/template-tags/general.php(45): include('/home/imagurues...')
#3 /home/imagurues/public_html/wp-content/themes/imaguru.by/tribe-events/default-template.php(425): tribe_get_view()
#4 /home/imagurues/public_html/wp-includes/template-loader.php(77): include('/home/imagurues...')
#5 /home/imagurues/public_html/wp-blog-header.php(19): require_once('/home/imagurues...')
#6 /home/imagurues/public_html/index.php(17): require('/home/imagurues...')
#7 {main}
  thrown in /home/imagurues/public_html/wp-content/themes/imaguru.by/functions.php on line 450

2019-05-13T13:45:25+00:00 CRITICAL Uncaught Error: Call to undefined function qtrans_getLanguage() in /home/imagurues/public_html/wp-content/themes/imaguru.by/functions.php:450
Stack trace:
#0 /home/imagurues/public_html/wp-content/themes/imaguru.by/tribe-events/course.php(86): tribe_get_recurrence_daynames()
#1 /home/imagurues/public_html/wp-content/themes/imaguru.by/tribe-events/single-event.php(25): include('/home/imagurues...')
#2 /home/imagurues/public_html/wp-content/plugins/the-events-calendar/src/functions/template-tags/general.php(45): include('/home/imagurues...')
#3 /home/imagurues/public_html/wp-content/themes/imaguru.by/tribe-events/default-template.php(425): tribe_get_view()
#4 /home/imagurues/public_html/wp-includes/template-loader.php(77): include('/home/imagurues...')
#5 /home/imagurues/public_html/wp-blog-header.php(19): require_once('/home/imagurues...')
#6 /home/imagurues/public_html/index.php(17): require('/home/imagurues...')
#7 {main}
  thrown in /home/imagurues/public_html/wp-content/themes/imaguru.by/functions.php on line 450

2019-05-13T13:45:55+00:00 CRITICAL Uncaught Error: Call to undefined function qtrans_getLanguage() in /home/imagurues/public_html/wp-content/themes/imaguru.by/functions.php:450
Stack trace:
#0 /home/imagurues/public_html/wp-content/themes/imaguru.by/tribe-events/course.php(86): tribe_get_recurrence_daynames()
#1 /home/imagurues/public_html/wp-content/themes/imaguru.by/tribe-events/single-event.php(25): include('/home/imagurues...')
#2 /home/imagurues/public_html/wp-content/plugins/the-events-calendar/src/functions/template-tags/general.php(45): include('/home/imagurues...')
#3 /home/imagurues/public_html/wp-content/themes/imaguru.by/tribe-events/default-template.php(425): tribe_get_view()
#4 /home/imagurues/public_html/wp-includes/template-loader.php(77): include('/home/imagurues...')
#5 /home/imagurues/public_html/wp-blog-header.php(19): require_once('/home/imagurues...')
#6 /home/imagurues/public_html/index.php(17): require('/home/imagurues...')
#7 {main}
  thrown in /home/imagurues/public_html/wp-content/themes/imaguru.by/functions.php on line 450

2019-05-13T14:31:55+00:00 CRITICAL Uncaught Error: Call to undefined function qtrans_getLanguage() in /home/imagurues/public_html/wp-content/themes/imaguru.by/functions.php:450
Stack trace:
#0 /home/imagurues/public_html/wp-content/themes/imaguru.by/tribe-events/course.php(86): tribe_get_recurrence_daynames()
#1 /home/imagurues/public_html/wp-content/themes/imaguru.by/tribe-events/single-event.php(25): include('/home/imagurues...')
#2 /home/imagurues/public_html/wp-content/plugins/the-events-calendar/src/functions/template-tags/general.php(45): include('/home/imagurues...')
#3 /home/imagurues/public_html/wp-content/themes/imaguru.by/tribe-events/default-template.php(425): tribe_get_view()
#4 /home/imagurues/public_html/wp-includes/template-loader.php(77): include('/home/imagurues...')
#5 /home/imagurues/public_html/wp-blog-header.php(19): require_once('/home/imagurues...')
#6 /home/imagurues/public_html/index.php(17): require('/home/imagurues...')
#7 {main}
  thrown in /home/imagurues/public_html/wp-content/themes/imaguru.by/functions.php on line 450

2019-05-13T14:32:57+00:00 CRITICAL Uncaught Error: Call to undefined function qtrans_getLanguage() in /home/imagurues/public_html/wp-content/themes/imaguru.by/functions.php:450
Stack trace:
#0 /home/imagurues/public_html/wp-content/themes/imaguru.by/tribe-events/course.php(86): tribe_get_recurrence_daynames()
#1 /home/imagurues/public_html/wp-content/themes/imaguru.by/tribe-events/single-event.php(25): include('/home/imagurues...')
#2 /home/imagurues/public_html/wp-content/plugins/the-events-calendar/src/functions/template-tags/general.php(45): include('/home/imagurues...')
#3 /home/imagurues/public_html/wp-content/themes/imaguru.by/tribe-events/default-template.php(425): tribe_get_view()
#4 /home/imagurues/public_html/wp-includes/template-loader.php(77): include('/home/imagurues...')
#5 /home/imagurues/public_html/wp-blog-header.php(19): require_once('/home/imagurues...')
#6 /home/imagurues/public_html/index.php(17): require('/home/imagurues...')
#7 {main}
  thrown in /home/imagurues/public_html/wp-content/themes/imaguru.by/functions.php on line 450

2019-05-13T14:32:59+00:00 CRITICAL Uncaught Error: Call to undefined function qtrans_getLanguage() in /home/imagurues/public_html/wp-content/themes/imaguru.by/functions.php:450
Stack trace:
#0 /home/imagurues/public_html/wp-content/themes/imaguru.by/tribe-events/course.php(86): tribe_get_recurrence_daynames()
#1 /home/imagurues/public_html/wp-content/themes/imaguru.by/tribe-events/single-event.php(25): include('/home/imagurues...')
#2 /home/imagurues/public_html/wp-content/plugins/the-events-calendar/src/functions/template-tags/general.php(45): include('/home/imagurues...')
#3 /home/imagurues/public_html/wp-content/themes/imaguru.by/tribe-events/default-template.php(425): tribe_get_view()
#4 /home/imagurues/public_html/wp-includes/template-loader.php(77): include('/home/imagurues...')
#5 /home/imagurues/public_html/wp-blog-header.php(19): require_once('/home/imagurues...')
#6 /home/imagurues/public_html/index.php(17): require('/home/imagurues...')
#7 {main}
  thrown in /home/imagurues/public_html/wp-content/themes/imaguru.by/functions.php on line 450

2019-05-13T15:01:39+00:00 CRITICAL Uncaught Error: Call to undefined function qtrans_getLanguage() in /home/imagurues/public_html/wp-content/themes/imaguru.by/functions.php:450
Stack trace:
#0 /home/imagurues/public_html/wp-content/themes/imaguru.by/tribe-events/course.php(86): tribe_get_recurrence_daynames()
#1 /home/imagurues/public_html/wp-content/themes/imaguru.by/tribe-events/single-event.php(25): include('/home/imagurues...')
#2 /home/imagurues/public_html/wp-content/plugins/the-events-calendar/src/functions/template-tags/general.php(45): include('/home/imagurues...')
#3 /home/imagurues/public_html/wp-content/themes/imaguru.by/tribe-events/default-template.php(425): tribe_get_view()
#4 /home/imagurues/public_html/wp-includes/template-loader.php(77): include('/home/imagurues...')
#5 /home/imagurues/public_html/wp-blog-header.php(19): require_once('/home/imagurues...')
#6 /home/imagurues/public_html/index.php(17): require('/home/imagurues...')
#7 {main}
  thrown in /home/imagurues/public_html/wp-content/themes/imaguru.by/functions.php on line 450

2019-05-13T17:14:43+00:00 CRITICAL #!trpst#trp-gettext data-trpgettextoriginal=4734#!trpen#Uncaught Error: Call to undefined function qtrans_getLanguage() in /home/imagurues/public_html/wp-content/themes/imaguru.by/functions.php:450
Stack trace:
#0 /home/imagurues/public_html/wp-content/themes/imaguru.by/tribe-events/course.php(86): tribe_get_recurrence_daynames()
#1 /home/imagurues/public_html/wp-content/themes/imaguru.by/tribe-events/single-event.php(25): include('/home/imagurues...')
#2 /home/imagurues/public_html/wp-content/plugins/the-events-calendar/src/functions/template-tags/general.php(45): include('/home/imagurues...')
#3 /home/imagurues/public_html/wp-content/themes/imaguru.by/tribe-events/default-template.php(425): tribe_get_view()
#4 /home/imagurues/public_html/wp-includes/template-loader.php(77): include('/home/imagurues...')
#5 /home/imagurues/public_html/wp-blog-header.php(19): require_once('/home/imagurues...')
#6 /home/imagurues/public_html/index.php(17): require('/home/imagurues...')
#7 {main}
  thrown en /home/imagurues/public_html/wp-content/themes/imaguru.by/functions.php en la línea 450#!trpst#/trp-gettext#!trpen#

2019-05-13T18:43:54+00:00 CRITICAL Uncaught Error: Call to undefined function qtrans_getLanguage() in /home/imagurues/public_html/wp-content/themes/imaguru.by/functions.php:450
Stack trace:
#0 /home/imagurues/public_html/wp-content/themes/imaguru.by/tribe-events/course.php(86): tribe_get_recurrence_daynames()
#1 /home/imagurues/public_html/wp-content/themes/imaguru.by/tribe-events/single-event.php(25): include('/home/imagurues...')
#2 /home/imagurues/public_html/wp-content/plugins/the-events-calendar/src/functions/template-tags/general.php(45): include('/home/imagurues...')
#3 /home/imagurues/public_html/wp-content/themes/imaguru.by/tribe-events/default-template.php(425): tribe_get_view()
#4 /home/imagurues/public_html/wp-includes/template-loader.php(77): include('/home/imagurues...')
#5 /home/imagurues/public_html/wp-blog-header.php(19): require_once('/home/imagurues...')
#6 /home/imagurues/public_html/index.php(17): require('/home/imagurues...')
#7 {main}
  thrown in /home/imagurues/public_html/wp-content/themes/imaguru.by/functions.php on line 450

2019-05-13T19:03:54+00:00 CRITICAL Uncaught Error: Call to undefined function qtrans_getLanguage() in /home/imagurues/public_html/wp-content/themes/imaguru.by/functions.php:450
Stack trace:
#0 /home/imagurues/public_html/wp-content/themes/imaguru.by/tribe-events/course.php(86): tribe_get_recurrence_daynames()
#1 /home/imagurues/public_html/wp-content/themes/imaguru.by/tribe-events/single-event.php(25): include('/home/imagurues...')
#2 /home/imagurues/public_html/wp-content/plugins/the-events-calendar/src/functions/template-tags/general.php(45): include('/home/imagurues...')
#3 /home/imagurues/public_html/wp-content/themes/imaguru.by/tribe-events/default-template.php(425): tribe_get_view()
#4 /home/imagurues/public_html/wp-includes/template-loader.php(77): include('/home/imagurues...')
#5 /home/imagurues/public_html/wp-blog-header.php(19): require_once('/home/imagurues...')
#6 /home/imagurues/public_html/index.php(17): require('/home/imagurues...')
#7 {main}
  thrown en /home/imagurues/public_html/wp-content/themes/imaguru.by/functions.php en la línea 450

2019-05-13T19:06:09+00:00 CRITICAL Uncaught Error: Call to undefined function qtrans_getLanguage() in /home/imagurues/public_html/wp-content/themes/imaguru.by/functions.php:450
Stack trace:
#0 /home/imagurues/public_html/wp-content/themes/imaguru.by/tribe-events/course.php(86): tribe_get_recurrence_daynames()
#1 /home/imagurues/public_html/wp-content/themes/imaguru.by/tribe-events/single-event.php(25): include('/home/imagurues...')
#2 /home/imagurues/public_html/wp-content/plugins/the-events-calendar/src/functions/template-tags/general.php(45): include('/home/imagurues...')
#3 /home/imagurues/public_html/wp-content/themes/imaguru.by/tribe-events/default-template.php(425): tribe_get_view()
#4 /home/imagurues/public_html/wp-includes/template-loader.php(77): include('/home/imagurues...')
#5 /home/imagurues/public_html/wp-blog-header.php(19): require_once('/home/imagurues...')
#6 /home/imagurues/public_html/index.php(17): require('/home/imagurues...')
#7 {main}
  thrown en /home/imagurues/public_html/wp-content/themes/imaguru.by/functions.php en la línea 450

2019-05-13T19:06:22+00:00 CRITICAL Uncaught Error: Call to undefined function qtrans_getLanguage() in /home/imagurues/public_html/wp-content/themes/imaguru.by/functions.php:450
Stack trace:
#0 /home/imagurues/public_html/wp-content/themes/imaguru.by/tribe-events/course.php(86): tribe_get_recurrence_daynames()
#1 /home/imagurues/public_html/wp-content/themes/imaguru.by/tribe-events/single-event.php(25): include('/home/imagurues...')
#2 /home/imagurues/public_html/wp-content/plugins/the-events-calendar/src/functions/template-tags/general.php(45): include('/home/imagurues...')
#3 /home/imagurues/public_html/wp-content/themes/imaguru.by/tribe-events/default-template.php(425): tribe_get_view()
#4 /home/imagurues/public_html/wp-includes/template-loader.php(77): include('/home/imagurues...')
#5 /home/imagurues/public_html/wp-blog-header.php(19): require_once('/home/imagurues...')
#6 /home/imagurues/public_html/index.php(17): require('/home/imagurues...')
#7 {main}
  thrown en /home/imagurues/public_html/wp-content/themes/imaguru.by/functions.php en la línea 450

2019-05-13T19:06:40+00:00 CRITICAL Uncaught Error: Call to undefined function qtrans_getLanguage() in /home/imagurues/public_html/wp-content/themes/imaguru.by/functions.php:450
Stack trace:
#0 /home/imagurues/public_html/wp-content/themes/imaguru.by/tribe-events/course.php(86): tribe_get_recurrence_daynames()
#1 /home/imagurues/public_html/wp-content/themes/imaguru.by/tribe-events/single-event.php(25): include('/home/imagurues...')
#2 /home/imagurues/public_html/wp-content/plugins/the-events-calendar/src/functions/template-tags/general.php(45): include('/home/imagurues...')
#3 /home/imagurues/public_html/wp-content/themes/imaguru.by/tribe-events/default-template.php(425): tribe_get_view()
#4 /home/imagurues/public_html/wp-includes/template-loader.php(77): include('/home/imagurues...')
#5 /home/imagurues/public_html/wp-blog-header.php(19): require_once('/home/imagurues...')
#6 /home/imagurues/public_html/index.php(17): require('/home/imagurues...')
#7 {main}
  thrown en /home/imagurues/public_html/wp-content/themes/imaguru.by/functions.php en la línea 450

2019-05-13T19:08:45+00:00 CRITICAL Uncaught Error: Call to undefined function qtrans_getLanguage() in /home/imagurues/public_html/wp-content/themes/imaguru.by/functions.php:450
Stack trace:
#0 /home/imagurues/public_html/wp-content/themes/imaguru.by/tribe-events/course.php(86): tribe_get_recurrence_daynames()
#1 /home/imagurues/public_html/wp-content/themes/imaguru.by/tribe-events/single-event.php(25): include('/home/imagurues...')
#2 /home/imagurues/public_html/wp-content/plugins/the-events-calendar/src/functions/template-tags/general.php(45): include('/home/imagurues...')
#3 /home/imagurues/public_html/wp-content/themes/imaguru.by/tribe-events/default-template.php(425): tribe_get_view()
#4 /home/imagurues/public_html/wp-includes/template-loader.php(77): include('/home/imagurues...')
#5 /home/imagurues/public_html/wp-blog-header.php(19): require_once('/home/imagurues...')
#6 /home/imagurues/public_html/index.php(17): require('/home/imagurues...')
#7 {main}
  thrown en /home/imagurues/public_html/wp-content/themes/imaguru.by/functions.php en la línea 450

2019-05-13T19:08:57+00:00 CRITICAL Uncaught Error: Call to undefined function qtrans_getLanguage() in /home/imagurues/public_html/wp-content/themes/imaguru.by/functions.php:450
Stack trace:
#0 /home/imagurues/public_html/wp-content/themes/imaguru.by/tribe-events/course.php(86): tribe_get_recurrence_daynames()
#1 /home/imagurues/public_html/wp-content/themes/imaguru.by/tribe-events/single-event.php(25): include('/home/imagurues...')
#2 /home/imagurues/public_html/wp-content/plugins/the-events-calendar/src/functions/template-tags/general.php(45): include('/home/imagurues...')
#3 /home/imagurues/public_html/wp-content/themes/imaguru.by/tribe-events/default-template.php(425): tribe_get_view()
#4 /home/imagurues/public_html/wp-includes/template-loader.php(77): include('/home/imagurues...')
#5 /home/imagurues/public_html/wp-blog-header.php(19): require_once('/home/imagurues...')
#6 /home/imagurues/public_html/index.php(17): require('/home/imagurues...')
#7 {main}
  thrown en /home/imagurues/public_html/wp-content/themes/imaguru.by/functions.php en la línea 450

2019-05-13T19:09:35+00:00 CRITICAL Uncaught Error: Call to undefined function qtrans_getLanguage() in /home/imagurues/public_html/wp-content/themes/imaguru.by/functions.php:450
Stack trace:
#0 /home/imagurues/public_html/wp-content/themes/imaguru.by/tribe-events/course.php(86): tribe_get_recurrence_daynames()
#1 /home/imagurues/public_html/wp-content/themes/imaguru.by/tribe-events/single-event.php(25): include('/home/imagurues...')
#2 /home/imagurues/public_html/wp-content/plugins/the-events-calendar/src/functions/template-tags/general.php(45): include('/home/imagurues...')
#3 /home/imagurues/public_html/wp-content/themes/imaguru.by/tribe-events/default-template.php(425): tribe_get_view()
#4 /home/imagurues/public_html/wp-includes/template-loader.php(77): include('/home/imagurues...')
#5 /home/imagurues/public_html/wp-blog-header.php(19): require_once('/home/imagurues...')
#6 /home/imagurues/public_html/index.php(17): require('/home/imagurues...')
#7 {main}
  thrown en /home/imagurues/public_html/wp-content/themes/imaguru.by/functions.php en la línea 450

2019-05-13T19:18:38+00:00 CRITICAL Uncaught Error: Call to undefined function qtrans_getLanguage() in /home/imagurues/public_html/wp-content/themes/imaguru.by/functions.php:450
Stack trace:
#0 /home/imagurues/public_html/wp-content/themes/imaguru.by/tribe-events/course.php(86): tribe_get_recurrence_daynames()
#1 /home/imagurues/public_html/wp-content/themes/imaguru.by/tribe-events/single-event.php(25): include('/home/imagurues...')
#2 /home/imagurues/public_html/wp-content/plugins/the-events-calendar/src/functions/template-tags/general.php(45): include('/home/imagurues...')
#3 /home/imagurues/public_html/wp-content/themes/imaguru.by/tribe-events/default-template.php(425): tribe_get_view()
#4 /home/imagurues/public_html/wp-includes/template-loader.php(77): include('/home/imagurues...')
#5 /home/imagurues/public_html/wp-blog-header.php(19): require_once('/home/imagurues...')
#6 /home/imagurues/public_html/index.php(17): require('/home/imagurues...')
#7 {main}
  thrown en /home/imagurues/public_html/wp-content/themes/imaguru.by/functions.php en la línea 450

2019-05-13T19:19:03+00:00 CRITICAL Uncaught Error: Call to undefined function qtrans_getLanguage() in /home/imagurues/public_html/wp-content/themes/imaguru.by/functions.php:450
Stack trace:
#0 /home/imagurues/public_html/wp-content/themes/imaguru.by/tribe-events/course.php(86): tribe_get_recurrence_daynames()
#1 /home/imagurues/public_html/wp-content/themes/imaguru.by/tribe-events/single-event.php(25): include('/home/imagurues...')
#2 /home/imagurues/public_html/wp-content/plugins/the-events-calendar/src/functions/template-tags/general.php(45): include('/home/imagurues...')
#3 /home/imagurues/public_html/wp-content/themes/imaguru.by/tribe-events/default-template.php(425): tribe_get_view()
#4 /home/imagurues/public_html/wp-includes/template-loader.php(77): include('/home/imagurues...')
#5 /home/imagurues/public_html/wp-blog-header.php(19): require_once('/home/imagurues...')
#6 /home/imagurues/public_html/index.php(17): require('/home/imagurues...')
#7 {main}
  thrown en /home/imagurues/public_html/wp-content/themes/imaguru.by/functions.php en la línea 450

2019-05-13T19:19:51+00:00 CRITICAL Uncaught Error: Call to undefined function qtrans_getLanguage() in /home/imagurues/public_html/wp-content/themes/imaguru.by/functions.php:450
Stack trace:
#0 /home/imagurues/public_html/wp-content/themes/imaguru.by/tribe-events/course.php(86): tribe_get_recurrence_daynames()
#1 /home/imagurues/public_html/wp-content/themes/imaguru.by/tribe-events/single-event.php(25): include('/home/imagurues...')
#2 /home/imagurues/public_html/wp-content/plugins/the-events-calendar/src/functions/template-tags/general.php(45): include('/home/imagurues...')
#3 /home/imagurues/public_html/wp-content/themes/imaguru.by/tribe-events/default-template.php(425): tribe_get_view()
#4 /home/imagurues/public_html/wp-includes/template-loader.php(77): include('/home/imagurues...')
#5 /home/imagurues/public_html/wp-blog-header.php(19): require_once('/home/imagurues...')
#6 /home/imagurues/public_html/index.php(17): require('/home/imagurues...')
#7 {main}
  thrown en /home/imagurues/public_html/wp-content/themes/imaguru.by/functions.php en la línea 450

2019-05-13T19:19:51+00:00 CRITICAL Uncaught Error: Call to undefined function qtrans_getLanguage() in /home/imagurues/public_html/wp-content/themes/imaguru.by/functions.php:450
Stack trace:
#0 /home/imagurues/public_html/wp-content/themes/imaguru.by/tribe-events/course.php(86): tribe_get_recurrence_daynames()
#1 /home/imagurues/public_html/wp-content/themes/imaguru.by/tribe-events/single-event.php(25): include('/home/imagurues...')
#2 /home/imagurues/public_html/wp-content/plugins/the-events-calendar/src/functions/template-tags/general.php(45): include('/home/imagurues...')
#3 /home/imagurues/public_html/wp-content/themes/imaguru.by/tribe-events/default-template.php(425): tribe_get_view()
#4 /home/imagurues/public_html/wp-includes/template-loader.php(77): include('/home/imagurues...')
#5 /home/imagurues/public_html/wp-blog-header.php(19): require_once('/home/imagurues...')
#6 /home/imagurues/public_html/index.php(17): require('/home/imagurues...')
#7 {main}
  thrown en /home/imagurues/public_html/wp-content/themes/imaguru.by/functions.php en la línea 450

2019-05-13T19:28:29+00:00 CRITICAL Uncaught Error: Call to undefined function tribe_is_recurring_event() in /home/imagurues/public_html/wp-content/themes/imaguru.by/functions.php:460
Stack trace:
#0 /home/imagurues/public_html/wp-content/themes/imaguru.by/tribe-events/course.php(86): tribe_get_recurrence_daynames()
#1 /home/imagurues/public_html/wp-content/themes/imaguru.by/tribe-events/single-event.php(25): include('/home/imagurues...')
#2 /home/imagurues/public_html/wp-content/plugins/the-events-calendar/src/functions/template-tags/general.php(45): include('/home/imagurues...')
#3 /home/imagurues/public_html/wp-content/themes/imaguru.by/tribe-events/default-template.php(425): tribe_get_view()
#4 /home/imagurues/public_html/wp-includes/template-loader.php(77): include('/home/imagurues...')
#5 /home/imagurues/public_html/wp-blog-header.php(19): require_once('/home/imagurues...')
#6 /home/imagurues/public_html/index.php(17): require('/home/imagurues...')
#7 {main}
  thrown en /home/imagurues/public_html/wp-content/themes/imaguru.by/functions.php en la línea 460

2019-05-13T19:29:42+00:00 CRITICAL Uncaught Error: Call to undefined function tribe_is_recurring_event() in /home/imagurues/public_html/wp-content/themes/imaguru.by/functions.php:460
Stack trace:
#0 /home/imagurues/public_html/wp-content/themes/imaguru.by/tribe-events/course.php(86): tribe_get_recurrence_daynames()
#1 /home/imagurues/public_html/wp-content/themes/imaguru.by/tribe-events/single-event.php(25): include('/home/imagurues...')
#2 /home/imagurues/public_html/wp-content/plugins/the-events-calendar/src/functions/template-tags/general.php(45): include('/home/imagurues...')
#3 /home/imagurues/public_html/wp-content/themes/imaguru.by/tribe-events/default-template.php(425): tribe_get_view()
#4 /home/imagurues/public_html/wp-includes/template-loader.php(77): include('/home/imagurues...')
#5 /home/imagurues/public_html/wp-blog-header.php(19): require_once('/home/imagurues...')
#6 /home/imagurues/public_html/index.php(17): require('/home/imagurues...')
#7 {main}
  thrown en /home/imagurues/public_html/wp-content/themes/imaguru.by/functions.php en la línea 460

2019-05-13T19:30:50+00:00 CRITICAL Uncaught Error: Call to undefined function tribe_is_recurring_event() in /home/imagurues/public_html/wp-content/themes/imaguru.by/functions.php:460
Stack trace:
#0 /home/imagurues/public_html/wp-content/themes/imaguru.by/tribe-events/course.php(86): tribe_get_recurrence_daynames()
#1 /home/imagurues/public_html/wp-content/themes/imaguru.by/tribe-events/single-event.php(25): include('/home/imagurues...')
#2 /home/imagurues/public_html/wp-content/plugins/the-events-calendar/src/functions/template-tags/general.php(45): include('/home/imagurues...')
#3 /home/imagurues/public_html/wp-content/themes/imaguru.by/tribe-events/default-template.php(425): tribe_get_view()
#4 /home/imagurues/public_html/wp-includes/template-loader.php(77): include('/home/imagurues...')
#5 /home/imagurues/public_html/wp-blog-header.php(19): require_once('/home/imagurues...')
#6 /home/imagurues/public_html/index.php(17): require('/home/imagurues...')
#7 {main}
  thrown en /home/imagurues/public_html/wp-content/themes/imaguru.by/functions.php en la línea 460

2019-05-13T19:30:53+00:00 CRITICAL Uncaught Error: Call to undefined function tribe_is_recurring_event() in /home/imagurues/public_html/wp-content/themes/imaguru.by/functions.php:460
Stack trace:
#0 /home/imagurues/public_html/wp-content/themes/imaguru.by/tribe-events/course.php(86): tribe_get_recurrence_daynames()
#1 /home/imagurues/public_html/wp-content/themes/imaguru.by/tribe-events/single-event.php(25): include('/home/imagurues...')
#2 /home/imagurues/public_html/wp-content/plugins/the-events-calendar/src/functions/template-tags/general.php(45): include('/home/imagurues...')
#3 /home/imagurues/public_html/wp-content/themes/imaguru.by/tribe-events/default-template.php(425): tribe_get_view()
#4 /home/imagurues/public_html/wp-includes/template-loader.php(77): include('/home/imagurues...')
#5 /home/imagurues/public_html/wp-blog-header.php(19): require_once('/home/imagurues...')
#6 /home/imagurues/public_html/index.php(17): require('/home/imagurues...')
#7 {main}
  thrown en /home/imagurues/public_html/wp-content/themes/imaguru.by/functions.php en la línea 460

2019-05-13T19:30:58+00:00 CRITICAL Uncaught Error: Call to undefined function tribe_is_recurring_event() in /home/imagurues/public_html/wp-content/themes/imaguru.by/functions.php:460
Stack trace:
#0 /home/imagurues/public_html/wp-content/themes/imaguru.by/tribe-events/course.php(86): tribe_get_recurrence_daynames()
#1 /home/imagurues/public_html/wp-content/themes/imaguru.by/tribe-events/single-event.php(25): include('/home/imagurues...')
#2 /home/imagurues/public_html/wp-content/plugins/the-events-calendar/src/functions/template-tags/general.php(45): include('/home/imagurues...')
#3 /home/imagurues/public_html/wp-content/themes/imaguru.by/tribe-events/default-template.php(425): tribe_get_view()
#4 /home/imagurues/public_html/wp-includes/template-loader.php(77): include('/home/imagurues...')
#5 /home/imagurues/public_html/wp-blog-header.php(19): require_once('/home/imagurues...')
#6 /home/imagurues/public_html/index.php(17): require('/home/imagurues...')
#7 {main}
  thrown en /home/imagurues/public_html/wp-content/themes/imaguru.by/functions.php en la línea 460

2019-05-13T19:31:17+00:00 CRITICAL Uncaught Error: Call to undefined function tribe_is_recurring_event() in /home/imagurues/public_html/wp-content/themes/imaguru.by/functions.php:460
Stack trace:
#0 /home/imagurues/public_html/wp-content/themes/imaguru.by/tribe-events/course.php(86): tribe_get_recurrence_daynames()
#1 /home/imagurues/public_html/wp-content/themes/imaguru.by/tribe-events/single-event.php(25): include('/home/imagurues...')
#2 /home/imagurues/public_html/wp-content/plugins/the-events-calendar/src/functions/template-tags/general.php(45): include('/home/imagurues...')
#3 /home/imagurues/public_html/wp-content/themes/imaguru.by/tribe-events/default-template.php(425): tribe_get_view()
#4 /home/imagurues/public_html/wp-includes/template-loader.php(77): include('/home/imagurues...')
#5 /home/imagurues/public_html/wp-blog-header.php(19): require_once('/home/imagurues...')
#6 /home/imagurues/public_html/index.php(17): require('/home/imagurues...')
#7 {main}
  thrown en /home/imagurues/public_html/wp-content/themes/imaguru.by/functions.php en la línea 460

2019-05-13T19:33:32+00:00 CRITICAL Uncaught Error: Call to undefined function tribe_is_recurring_event() in /home/imagurues/public_html/wp-content/themes/imaguru.by/functions.php:460
Stack trace:
#0 /home/imagurues/public_html/wp-content/themes/imaguru.by/tribe-events/course.php(86): tribe_get_recurrence_daynames()
#1 /home/imagurues/public_html/wp-content/themes/imaguru.by/tribe-events/single-event.php(25): include('/home/imagurues...')
#2 /home/imagurues/public_html/wp-content/plugins/the-events-calendar/src/functions/template-tags/general.php(45): include('/home/imagurues...')
#3 /home/imagurues/public_html/wp-content/themes/imaguru.by/tribe-events/default-template.php(425): tribe_get_view()
#4 /home/imagurues/public_html/wp-includes/template-loader.php(77): include('/home/imagurues...')
#5 /home/imagurues/public_html/wp-blog-header.php(19): require_once('/home/imagurues...')
#6 /home/imagurues/public_html/index.php(17): require('/home/imagurues...')
#7 {main}
  thrown en /home/imagurues/public_html/wp-content/themes/imaguru.by/functions.php en la línea 460

2019-05-13T19:34:58+00:00 CRITICAL Uncaught Error: Call to undefined function tribe_is_recurring_event() in /home/imagurues/public_html/wp-content/themes/imaguru.by/functions.php:460
Stack trace:
#0 /home/imagurues/public_html/wp-content/themes/imaguru.by/tribe-events/course.php(86): tribe_get_recurrence_daynames()
#1 /home/imagurues/public_html/wp-content/themes/imaguru.by/tribe-events/single-event.php(25): include('/home/imagurues...')
#2 /home/imagurues/public_html/wp-content/plugins/the-events-calendar/src/functions/template-tags/general.php(45): include('/home/imagurues...')
#3 /home/imagurues/public_html/wp-content/themes/imaguru.by/tribe-events/default-template.php(425): tribe_get_view()
#4 /home/imagurues/public_html/wp-includes/template-loader.php(77): include('/home/imagurues...')
#5 /home/imagurues/public_html/wp-blog-header.php(19): require_once('/home/imagurues...')
#6 /home/imagurues/public_html/index.php(17): require('/home/imagurues...')
#7 {main}
  thrown en /home/imagurues/public_html/wp-content/themes/imaguru.by/functions.php en la línea 460

2019-05-13T19:36:54+00:00 CRITICAL Uncaught Error: Call to undefined function tribe_is_recurring_event() in /home/imagurues/public_html/wp-content/themes/imaguru.by/functions.php:460
Stack trace:
#0 /home/imagurues/public_html/wp-content/themes/imaguru.by/tribe-events/course.php(86): tribe_get_recurrence_daynames()
#1 /home/imagurues/public_html/wp-content/themes/imaguru.by/tribe-events/single-event.php(25): include('/home/imagurues...')
#2 /home/imagurues/public_html/wp-content/plugins/the-events-calendar/src/functions/template-tags/general.php(45): include('/home/imagurues...')
#3 /home/imagurues/public_html/wp-content/themes/imaguru.by/tribe-events/default-template.php(425): tribe_get_view()
#4 /home/imagurues/public_html/wp-includes/template-loader.php(77): include('/home/imagurues...')
#5 /home/imagurues/public_html/wp-blog-header.php(19): require_once('/home/imagurues...')
#6 /home/imagurues/public_html/index.php(17): require('/home/imagurues...')
#7 {main}
  thrown en /home/imagurues/public_html/wp-content/themes/imaguru.by/functions.php en la línea 460

2019-05-13T19:37:13+00:00 CRITICAL Uncaught Error: Call to undefined function tribe_is_recurring_event() in /home/imagurues/public_html/wp-content/themes/imaguru.by/functions.php:460
Stack trace:
#0 /home/imagurues/public_html/wp-content/themes/imaguru.by/tribe-events/course.php(86): tribe_get_recurrence_daynames()
#1 /home/imagurues/public_html/wp-content/themes/imaguru.by/tribe-events/single-event.php(25): include('/home/imagurues...')
#2 /home/imagurues/public_html/wp-content/plugins/the-events-calendar/src/functions/template-tags/general.php(45): include('/home/imagurues...')
#3 /home/imagurues/public_html/wp-content/themes/imaguru.by/tribe-events/default-template.php(425): tribe_get_view()
#4 /home/imagurues/public_html/wp-includes/template-loader.php(77): include('/home/imagurues...')
#5 /home/imagurues/public_html/wp-blog-header.php(19): require_once('/home/imagurues...')
#6 /home/imagurues/public_html/index.php(17): require('/home/imagurues...')
#7 {main}
  thrown en /home/imagurues/public_html/wp-content/themes/imaguru.by/functions.php en la línea 460

2019-05-13T19:37:32+00:00 CRITICAL Uncaught Error: Call to undefined function tribe_is_recurring_event() in /home/imagurues/public_html/wp-content/themes/imaguru.by/functions.php:460
Stack trace:
#0 /home/imagurues/public_html/wp-content/themes/imaguru.by/tribe-events/course.php(86): tribe_get_recurrence_daynames()
#1 /home/imagurues/public_html/wp-content/themes/imaguru.by/tribe-events/single-event.php(25): include('/home/imagurues...')
#2 /home/imagurues/public_html/wp-content/plugins/the-events-calendar/src/functions/template-tags/general.php(45): include('/home/imagurues...')
#3 /home/imagurues/public_html/wp-content/themes/imaguru.by/tribe-events/default-template.php(425): tribe_get_view()
#4 /home/imagurues/public_html/wp-includes/template-loader.php(77): include('/home/imagurues...')
#5 /home/imagurues/public_html/wp-blog-header.php(19): require_once('/home/imagurues...')
#6 /home/imagurues/public_html/index.php(17): require('/home/imagurues...')
#7 {main}
  thrown en /home/imagurues/public_html/wp-content/themes/imaguru.by/functions.php en la línea 460

2019-05-13T19:40:58+00:00 CRITICAL #!trpst#trp-gettext data-trpgettextoriginal=370#!trpen#Uncaught Error: Call to undefined function tribe_is_recurring_event() in /home/imagurues/public_html/wp-content/themes/imaguru.by/functions.php:460
Stack trace:
#0 /home/imagurues/public_html/wp-content/themes/imaguru.by/tribe-events/course.php(86): tribe_get_recurrence_daynames()
#1 /home/imagurues/public_html/wp-content/themes/imaguru.by/tribe-events/single-event.php(25): include('/home/imagurues...')
#2 /home/imagurues/public_html/wp-content/plugins/the-events-calendar/src/functions/template-tags/general.php(45): include('/home/imagurues...')
#3 /home/imagurues/public_html/wp-content/themes/imaguru.by/tribe-events/default-template.php(425): tribe_get_view()
#4 /home/imagurues/public_html/wp-includes/template-loader.php(77): include('/home/imagurues...')
#5 /home/imagurues/public_html/wp-blog-header.php(19): require_once('/home/imagurues...')
#6 /home/imagurues/public_html/index.php(17): require('/home/imagurues...')
#7 {main}
  thrown in /home/imagurues/public_html/wp-content/themes/imaguru.by/functions.php on line 460#!trpst#/trp-gettext#!trpen#

2019-05-13T19:41:10+00:00 CRITICAL Uncaught Error: Call to undefined function tribe_is_recurring_event() in /home/imagurues/public_html/wp-content/themes/imaguru.by/functions.php:460
Stack trace:
#0 /home/imagurues/public_html/wp-content/themes/imaguru.by/tribe-events/course.php(86): tribe_get_recurrence_daynames()
#1 /home/imagurues/public_html/wp-content/themes/imaguru.by/tribe-events/single-event.php(25): include('/home/imagurues...')
#2 /home/imagurues/public_html/wp-content/plugins/the-events-calendar/src/functions/template-tags/general.php(45): include('/home/imagurues...')
#3 /home/imagurues/public_html/wp-content/themes/imaguru.by/tribe-events/default-template.php(425): tribe_get_view()
#4 /home/imagurues/public_html/wp-includes/template-loader.php(77): include('/home/imagurues...')
#5 /home/imagurues/public_html/wp-blog-header.php(19): require_once('/home/imagurues...')
#6 /home/imagurues/public_html/index.php(17): require('/home/imagurues...')
#7 {main}
  thrown en /home/imagurues/public_html/wp-content/themes/imaguru.by/functions.php en la línea 460

2019-05-13T19:41:18+00:00 CRITICAL Uncaught Error: Call to undefined function tribe_is_recurring_event() in /home/imagurues/public_html/wp-content/themes/imaguru.by/functions.php:460
Stack trace:
#0 /home/imagurues/public_html/wp-content/themes/imaguru.by/tribe-events/course.php(86): tribe_get_recurrence_daynames()
#1 /home/imagurues/public_html/wp-content/themes/imaguru.by/tribe-events/single-event.php(25): include('/home/imagurues...')
#2 /home/imagurues/public_html/wp-content/plugins/the-events-calendar/src/functions/template-tags/general.php(45): include('/home/imagurues...')
#3 /home/imagurues/public_html/wp-content/themes/imaguru.by/tribe-events/default-template.php(425): tribe_get_view()
#4 /home/imagurues/public_html/wp-includes/template-loader.php(77): include('/home/imagurues...')
#5 /home/imagurues/public_html/wp-blog-header.php(19): require_once('/home/imagurues...')
#6 /home/imagurues/public_html/index.php(17): require('/home/imagurues...')
#7 {main}
  thrown en /home/imagurues/public_html/wp-content/themes/imaguru.by/functions.php en la línea 460

2019-05-13T19:42:42+00:00 CRITICAL Uncaught Error: Call to undefined function tribe_is_recurring_event() in /home/imagurues/public_html/wp-content/themes/imaguru.by/functions.php:460
Stack trace:
#0 /home/imagurues/public_html/wp-content/themes/imaguru.by/tribe-events/course.php(86): tribe_get_recurrence_daynames()
#1 /home/imagurues/public_html/wp-content/themes/imaguru.by/tribe-events/single-event.php(25): include('/home/imagurues...')
#2 /home/imagurues/public_html/wp-content/plugins/the-events-calendar/src/functions/template-tags/general.php(45): include('/home/imagurues...')
#3 /home/imagurues/public_html/wp-content/themes/imaguru.by/tribe-events/default-template.php(425): tribe_get_view()
#4 /home/imagurues/public_html/wp-includes/template-loader.php(77): include('/home/imagurues...')
#5 /home/imagurues/public_html/wp-blog-header.php(19): require_once('/home/imagurues...')
#6 /home/imagurues/public_html/index.php(17): require('/home/imagurues...')
#7 {main}
  thrown in /home/imagurues/public_html/wp-content/themes/imaguru.by/functions.php on line 460

2019-05-13T19:43:09+00:00 CRITICAL Uncaught Error: Call to undefined function tribe_is_recurring_event() in /home/imagurues/public_html/wp-content/themes/imaguru.by/functions.php:460
Stack trace:
#0 /home/imagurues/public_html/wp-content/themes/imaguru.by/tribe-events/course.php(86): tribe_get_recurrence_daynames()
#1 /home/imagurues/public_html/wp-content/themes/imaguru.by/tribe-events/single-event.php(25): include('/home/imagurues...')
#2 /home/imagurues/public_html/wp-content/plugins/the-events-calendar/src/functions/template-tags/general.php(45): include('/home/imagurues...')
#3 /home/imagurues/public_html/wp-content/themes/imaguru.by/tribe-events/default-template.php(425): tribe_get_view()
#4 /home/imagurues/public_html/wp-includes/template-loader.php(77): include('/home/imagurues...')
#5 /home/imagurues/public_html/wp-blog-header.php(19): require_once('/home/imagurues...')
#6 /home/imagurues/public_html/index.php(17): require('/home/imagurues...')
#7 {main}
  thrown en /home/imagurues/public_html/wp-content/themes/imaguru.by/functions.php en la línea 460

2019-05-13T19:52:35+00:00 CRITICAL Uncaught Error: Call to undefined function tribe_is_recurring_event() in /home/imagurues/public_html/wp-content/themes/imaguru.by/functions.php:460
Stack trace:
#0 /home/imagurues/public_html/wp-content/themes/imaguru.by/tribe-events/course.php(86): tribe_get_recurrence_daynames()
#1 /home/imagurues/public_html/wp-content/themes/imaguru.by/tribe-events/single-event.php(25): include('/home/imagurues...')
#2 /home/imagurues/public_html/wp-content/plugins/the-events-calendar/src/functions/template-tags/general.php(45): include('/home/imagurues...')
#3 /home/imagurues/public_html/wp-content/themes/imaguru.by/tribe-events/default-template.php(425): tribe_get_view()
#4 /home/imagurues/public_html/wp-includes/template-loader.php(77): include('/home/imagurues...')
#5 /home/imagurues/public_html/wp-blog-header.php(19): require_once('/home/imagurues...')
#6 /home/imagurues/public_html/index.php(17): require('/home/imagurues...')
#7 {main}
  thrown en /home/imagurues/public_html/wp-content/themes/imaguru.by/functions.php en la línea 460

2019-05-13T20:20:45+00:00 CRITICAL Uncaught Error: Call to undefined function tribe_is_recurring_event() in /home/imagurues/public_html/wp-content/themes/imaguru.by/functions.php:460
Stack trace:
#0 /home/imagurues/public_html/wp-content/themes/imaguru.by/tribe-events/course.php(86): tribe_get_recurrence_daynames()
#1 /home/imagurues/public_html/wp-content/themes/imaguru.by/tribe-events/single-event.php(25): include('/home/imagurues...')
#2 /home/imagurues/public_html/wp-content/plugins/the-events-calendar/src/functions/template-tags/general.php(45): include('/home/imagurues...')
#3 /home/imagurues/public_html/wp-content/themes/imaguru.by/tribe-events/default-template.php(425): tribe_get_view()
#4 /home/imagurues/public_html/wp-includes/template-loader.php(77): include('/home/imagurues...')
#5 /home/imagurues/public_html/wp-blog-header.php(19): require_once('/home/imagurues...')
#6 /home/imagurues/public_html/index.php(17): require('/home/imagurues...')
#7 {main}
  thrown en /home/imagurues/public_html/wp-content/themes/imaguru.by/functions.php en la línea 460

2019-05-13T20:21:04+00:00 CRITICAL Uncaught Error: Call to undefined function tribe_is_recurring_event() in /home/imagurues/public_html/wp-content/themes/imaguru.by/functions.php:460
Stack trace:
#0 /home/imagurues/public_html/wp-content/themes/imaguru.by/tribe-events/course.php(86): tribe_get_recurrence_daynames()
#1 /home/imagurues/public_html/wp-content/themes/imaguru.by/tribe-events/single-event.php(25): include('/home/imagurues...')
#2 /home/imagurues/public_html/wp-content/plugins/the-events-calendar/src/functions/template-tags/general.php(45): include('/home/imagurues...')
#3 /home/imagurues/public_html/wp-content/themes/imaguru.by/tribe-events/default-template.php(425): tribe_get_view()
#4 /home/imagurues/public_html/wp-includes/template-loader.php(77): include('/home/imagurues...')
#5 /home/imagurues/public_html/wp-blog-header.php(19): require_once('/home/imagurues...')
#6 /home/imagurues/public_html/index.php(17): require('/home/imagurues...')
#7 {main}
  thrown en /home/imagurues/public_html/wp-content/themes/imaguru.by/functions.php en la línea 460

2019-05-13T20:21:39+00:00 CRITICAL Uncaught Error: Call to undefined function tribe_is_recurring_event() in /home/imagurues/public_html/wp-content/themes/imaguru.by/functions.php:460
Stack trace:
#0 /home/imagurues/public_html/wp-content/themes/imaguru.by/tribe-events/course.php(89): tribe_get_recurrence_daynames()
#1 /home/imagurues/public_html/wp-content/themes/imaguru.by/tribe-events/single-event.php(25): include('/home/imagurues...')
#2 /home/imagurues/public_html/wp-content/plugins/the-events-calendar/src/functions/template-tags/general.php(45): include('/home/imagurues...')
#3 /home/imagurues/public_html/wp-content/themes/imaguru.by/tribe-events/default-template.php(425): tribe_get_view()
#4 /home/imagurues/public_html/wp-includes/template-loader.php(77): include('/home/imagurues...')
#5 /home/imagurues/public_html/wp-blog-header.php(19): require_once('/home/imagurues...')
#6 /home/imagurues/public_html/index.php(17): require('/home/imagurues...')
#7 {main}
  thrown en /home/imagurues/public_html/wp-content/themes/imaguru.by/functions.php en la línea 460

2019-05-13T20:22:32+00:00 CRITICAL Uncaught Error: Call to undefined function tribe_is_recurring_event() in /home/imagurues/public_html/wp-content/themes/imaguru.by/functions.php:460
Stack trace:
#0 /home/imagurues/public_html/wp-content/themes/imaguru.by/tribe-events/course.php(91): tribe_get_recurrence_daynames()
#1 /home/imagurues/public_html/wp-content/themes/imaguru.by/tribe-events/single-event.php(25): include('/home/imagurues...')
#2 /home/imagurues/public_html/wp-content/plugins/the-events-calendar/src/functions/template-tags/general.php(45): include('/home/imagurues...')
#3 /home/imagurues/public_html/wp-content/themes/imaguru.by/tribe-events/default-template.php(425): tribe_get_view()
#4 /home/imagurues/public_html/wp-includes/template-loader.php(77): include('/home/imagurues...')
#5 /home/imagurues/public_html/wp-blog-header.php(19): require_once('/home/imagurues...')
#6 /home/imagurues/public_html/index.php(17): require('/home/imagurues...')
#7 {main}
  thrown en /home/imagurues/public_html/wp-content/themes/imaguru.by/functions.php en la línea 460

2019-05-13T20:22:53+00:00 CRITICAL Uncaught Error: Call to undefined function tribe_is_recurring_event() in /home/imagurues/public_html/wp-content/themes/imaguru.by/functions.php:460
Stack trace:
#0 /home/imagurues/public_html/wp-content/themes/imaguru.by/tribe-events/course.php(90): tribe_get_recurrence_daynames()
#1 /home/imagurues/public_html/wp-content/themes/imaguru.by/tribe-events/single-event.php(25): include('/home/imagurues...')
#2 /home/imagurues/public_html/wp-content/plugins/the-events-calendar/src/functions/template-tags/general.php(45): include('/home/imagurues...')
#3 /home/imagurues/public_html/wp-content/themes/imaguru.by/tribe-events/default-template.php(425): tribe_get_view()
#4 /home/imagurues/public_html/wp-includes/template-loader.php(77): include('/home/imagurues...')
#5 /home/imagurues/public_html/wp-blog-header.php(19): require_once('/home/imagurues...')
#6 /home/imagurues/public_html/index.php(17): require('/home/imagurues...')
#7 {main}
  thrown en /home/imagurues/public_html/wp-content/themes/imaguru.by/functions.php en la línea 460

2019-05-13T20:23:37+00:00 CRITICAL Uncaught Error: Call to undefined function tribe_is_recurring_event() in /home/imagurues/public_html/wp-content/themes/imaguru.by/functions.php:460
Stack trace:
#0 /home/imagurues/public_html/wp-content/themes/imaguru.by/tribe-events/course.php(91): tribe_get_recurrence_daynames()
#1 /home/imagurues/public_html/wp-content/themes/imaguru.by/tribe-events/single-event.php(25): include('/home/imagurues...')
#2 /home/imagurues/public_html/wp-content/plugins/the-events-calendar/src/functions/template-tags/general.php(45): include('/home/imagurues...')
#3 /home/imagurues/public_html/wp-content/themes/imaguru.by/tribe-events/default-template.php(425): tribe_get_view()
#4 /home/imagurues/public_html/wp-includes/template-loader.php(77): include('/home/imagurues...')
#5 /home/imagurues/public_html/wp-blog-header.php(19): require_once('/home/imagurues...')
#6 /home/imagurues/public_html/index.php(17): require('/home/imagurues...')
#7 {main}
  thrown en /home/imagurues/public_html/wp-content/themes/imaguru.by/functions.php en la línea 460

2019-05-13T20:24:39+00:00 CRITICAL syntax error, unexpected '{' en /home/imagurues/public_html/wp-content/themes/imaguru.by/tribe-events/course.php en la línea 65

2019-05-13T20:25:13+00:00 CRITICAL syntax error, unexpected '{' en /home/imagurues/public_html/wp-content/themes/imaguru.by/tribe-events/course.php en la línea 64

2019-05-13T20:26:06+00:00 CRITICAL Uncaught Error: Call to undefined function tribe_is_recurring_event() in /home/imagurues/public_html/wp-content/themes/imaguru.by/functions.php:460
Stack trace:
#0 /home/imagurues/public_html/wp-content/themes/imaguru.by/tribe-events/course.php(90): tribe_get_recurrence_daynames()
#1 /home/imagurues/public_html/wp-content/themes/imaguru.by/tribe-events/single-event.php(25): include('/home/imagurues...')
#2 /home/imagurues/public_html/wp-content/plugins/the-events-calendar/src/functions/template-tags/general.php(45): include('/home/imagurues...')
#3 /home/imagurues/public_html/wp-content/themes/imaguru.by/tribe-events/default-template.php(425): tribe_get_view()
#4 /home/imagurues/public_html/wp-includes/template-loader.php(77): include('/home/imagurues...')
#5 /home/imagurues/public_html/wp-blog-header.php(19): require_once('/home/imagurues...')
#6 /home/imagurues/public_html/index.php(17): require('/home/imagurues...')
#7 {main}
  thrown en /home/imagurues/public_html/wp-content/themes/imaguru.by/functions.php en la línea 460

